# JRE version: OpenJDK Runtime Environment (17.0.6) (build 17.0.6+0-b2043.56-9586694)
# Java VM: OpenJDK 64-Bit Server VM (17.0.6+0-b2043.56-9586694, mixed mode, tiered, compressed oops, compressed class ptrs, g1 gc, windows-amd64)
GC Precious Log:
 CPUs: 4 total, 4 available
 Memory: 3977M
 Large Page Support: Disabled
 NUMA Support: Disabled
 Compressed Oops: Enabled (32-bit)
 Heap Region Size: 1M
 Heap Min Capacity: 8M
 Heap Initial Capacity: 64M
 Heap Max Capacity: 2G
 Pre-touch: Disabled
 Parallel Workers: 4
 Concurrent Workers: 1
 Concurrent Refinement Workers: 4
 Periodic GC: Disabled
Heap:
 garbage-first heap   total 529408K, used 98536K [0x0000000080000000, 0x0000000100000000)
  region size 1024K, 3 young (3072K), 3 survivors (3072K)
 Metaspace       used 127607K, committed 129280K, reserved 1163264K
  class space    used 16761K, committed 17408K, reserved 1048576K
GC Heap History (20 events):
Event: 6223.349 GC heap after
{Heap after GC invocations=66 (full 0):
 garbage-first heap   total 416768K, used 106246K [0x0000000080000000, 0x0000000100000000)
  region size 1024K, 1 young (1024K), 1 survivors (1024K)
 Metaspace       used 128073K, committed 129280K, reserved 1163264K
  class space    used 16863K, committed 17408K, reserved 1048576K
}
Event: 7268.547 GC heap before
{Heap before GC invocations=66 (full 0):
 garbage-first heap   total 416768K, used 125702K [0x0000000080000000, 0x0000000100000000)
  region size 1024K, 20 young (20480K), 1 survivors (1024K)
 Metaspace       used 128073K, committed 129280K, reserved 1163264K
  class space    used 16864K, committed 17408K, reserved 1048576K
}
Event: 7268.631 GC heap after
{Heap after GC invocations=67 (full 0):
 garbage-first heap   total 416768K, used 105300K [0x0000000080000000, 0x0000000100000000)
  region size 1024K, 1 young (1024K), 1 survivors (1024K)
 Metaspace       used 128073K, committed 129280K, reserved 1163264K
  class space    used 16864K, committed 17408K, reserved 1048576K
}
Event: 8313.204 GC heap before
{Heap before GC invocations=67 (full 0):
 garbage-first heap   total 416768K, used 124756K [0x0000000080000000, 0x0000000100000000)
  region size 1024K, 20 young (20480K), 1 survivors (1024K)
 Metaspace       used 128073K, committed 129280K, reserved 1163264K
  class space    used 16864K, committed 17408K, reserved 1048576K
}
Event: 8313.445 GC heap after
{Heap after GC invocations=68 (full 0):
 garbage-first heap   total 416768K, used 104979K [0x0000000080000000, 0x0000000100000000)
  region size 1024K, 1 young (1024K), 1 survivors (1024K)
 Metaspace       used 128073K, committed 129280K, reserved 1163264K
  class space    used 16864K, committed 17408K, reserved 1048576K
}
Event: 9358.215 GC heap before
{Heap before GC invocations=68 (full 0):
 garbage-first heap   total 416768K, used 124435K [0x0000000080000000, 0x0000000100000000)
  region size 1024K, 20 young (20480K), 1 survivors (1024K)
 Metaspace       used 128073K, committed 129280K, reserved 1163264K
  class space    used 16864K, committed 17408K, reserved 1048576K
}
Event: 9358.311 GC heap after
{Heap after GC invocations=69 (full 0):
 garbage-first heap   total 416768K, used 104003K [0x0000000080000000, 0x0000000100000000)
  region size 1024K, 1 young (1024K), 1 survivors (1024K)
 Metaspace       used 128073K, committed 129280K, reserved 1163264K
  class space    used 16864K, committed 17408K, reserved 1048576K
}
Event: 9683.721 GC heap before
{Heap before GC invocations=69 (full 0):
 garbage-first heap   total 416768K, used 123459K [0x0000000080000000, 0x0000000100000000)
  region size 1024K, 20 young (20480K), 1 survivors (1024K)
 Metaspace       used 128078K, committed 129280K, reserved 1163264K
  class space    used 16864K, committed 17408K, reserved 1048576K
}
Event: 9683.861 GC heap after
{Heap after GC invocations=70 (full 0):
 garbage-first heap   total 416768K, used 105953K [0x0000000080000000, 0x0000000100000000)
  region size 1024K, 2 young (2048K), 2 survivors (2048K)
 Metaspace       used 128078K, committed 129280K, reserved 1163264K
  class space    used 16864K, committed 17408K, reserved 1048576K
}
Event: 9699.316 GC heap before
{Heap before GC invocations=71 (full 0):
 garbage-first heap   total 358400K, used 124385K [0x0000000080000000, 0x0000000100000000)
  region size 1024K, 20 young (20480K), 2 survivors (2048K)
 Metaspace       used 127570K, committed 129280K, reserved 1163264K
  class space    used 16760K, committed 17408K, reserved 1048576K
}
Event: 9699.335 GC heap after
{Heap after GC invocations=72 (full 0):
 garbage-first heap   total 358400K, used 106650K [0x0000000080000000, 0x0000000100000000)
  region size 1024K, 2 young (2048K), 2 survivors (2048K)
 Metaspace       used 127570K, committed 129280K, reserved 1163264K
  class space    used 16760K, committed 17408K, reserved 1048576K
}
Event: 9699.473 GC heap before
{Heap before GC invocations=72 (full 0):
 garbage-first heap   total 358400K, used 122010K [0x0000000080000000, 0x0000000100000000)
  region size 1024K, 17 young (17408K), 2 survivors (2048K)
 Metaspace       used 127575K, committed 129280K, reserved 1163264K
  class space    used 16760K, committed 17408K, reserved 1048576K
}
Event: 9699.538 GC heap after
{Heap after GC invocations=73 (full 0):
 garbage-first heap   total 358400K, used 103874K [0x0000000080000000, 0x0000000100000000)
  region size 1024K, 3 young (3072K), 3 survivors (3072K)
 Metaspace       used 127575K, committed 129280K, reserved 1163264K
  class space    used 16760K, committed 17408K, reserved 1048576K
}
Event: 9699.647 GC heap before
{Heap before GC invocations=73 (full 0):
 garbage-first heap   total 358400K, used 118210K [0x0000000080000000, 0x0000000100000000)
  region size 1024K, 17 young (17408K), 3 survivors (3072K)
 Metaspace       used 127575K, committed 129280K, reserved 1163264K
  class space    used 16760K, committed 17408K, reserved 1048576K
}
Event: 9699.660 GC heap after
{Heap after GC invocations=74 (full 0):
 garbage-first heap   total 358400K, used 100969K [0x0000000080000000, 0x0000000100000000)
  region size 1024K, 2 young (2048K), 2 survivors (2048K)
 Metaspace       used 127575K, committed 129280K, reserved 1163264K
  class space    used 16760K, committed 17408K, reserved 1048576K
}
Event: 9699.777 GC heap before
{Heap before GC invocations=74 (full 0):
 garbage-first heap   total 358400K, used 116329K [0x0000000080000000, 0x0000000100000000)
  region size 1024K, 17 young (17408K), 2 survivors (2048K)
 Metaspace       used 127576K, committed 129280K, reserved 1163264K
  class space    used 16760K, committed 17408K, reserved 1048576K
}
Event: 9699.824 GC heap after
{Heap after GC invocations=75 (full 0):
 garbage-first heap   total 358400K, used 99471K [0x0000000080000000, 0x0000000100000000)
  region size 1024K, 2 young (2048K), 2 survivors (2048K)
 Metaspace       used 127576K, committed 129280K, reserved 1163264K
  class space    used 16760K, committed 17408K, reserved 1048576K
}
Event: 9699.949 GC heap before
{Heap before GC invocations=75 (full 0):
 garbage-first heap   total 358400K, used 114831K [0x0000000080000000, 0x0000000100000000)
  region size 1024K, 17 young (17408K), 2 survivors (2048K)
 Metaspace       used 127585K, committed 129280K, reserved 1163264K
  class space    used 16760K, committed 17408K, reserved 1048576K
}
Event: 9699.973 GC heap after
{Heap after GC invocations=76 (full 0):
 garbage-first heap   total 358400K, used 98510K [0x0000000080000000, 0x0000000100000000)
  region size 1024K, 3 young (3072K), 3 survivors (3072K)
 Metaspace       used 127585K, committed 129280K, reserved 1163264K
  class space    used 16760K, committed 17408K, reserved 1048576K
}
Event: 9700.478 GC heap before
{Heap before GC invocations=76 (full 0):
 garbage-first heap   total 358400K, used 112846K [0x0000000080000000, 0x0000000100000000)
  region size 1024K, 17 young (17408K), 3 survivors (3072K)
 Metaspace       used 127607K, committed 129280K, reserved 1163264K
  class space    used 16761K, committed 17408K, reserved 1048576K
}

