# JRE version: OpenJDK Runtime Environment (17.0.6) (build 17.0.6+0-b2043.56-9586694)
# Java VM: OpenJDK 64-Bit Server VM (17.0.6+0-b2043.56-9586694, mixed mode, tiered, compressed oops, compressed class ptrs, g1 gc, windows-amd64)
GC Precious Log:
 CPUs: 4 total, 4 available
 Memory: 3977M
 Large Page Support: Disabled
 NUMA Support: Disabled
 Compressed Oops: Enabled (32-bit)
 Heap Region Size: 1M
 Heap Min Capacity: 8M
 Heap Initial Capacity: 64M
 Heap Max Capacity: 2G
 Pre-touch: Disabled
 Parallel Workers: 4
 Concurrent Workers: 1
 Concurrent Refinement Workers: 4
 Periodic GC: Disabled
Heap:
 garbage-first heap   total 184320K, used 90513K [0x0000000080000000, 0x0000000100000000)
  region size 1024K, 1 young (1024K), 1 survivors (1024K)
 Metaspace       used 126947K, committed 127488K, reserved 1163264K
  class space    used 17105K, committed 17344K, reserved 1048576K
GC Heap History (20 events):
Event: 4749.603 GC heap after
{Heap after GC invocations=61 (full 0):
 garbage-first heap   total 184320K, used 96960K [0x0000000080000000, 0x0000000100000000)
  region size 1024K, 1 young (1024K), 1 survivors (1024K)
 Metaspace       used 121586K, committed 122880K, reserved 1155072K
  class space    used 16403K, committed 16896K, reserved 1048576K
}
Event: 5195.186 GC heap before
{Heap before GC invocations=61 (full 0):
 garbage-first heap   total 184320K, used 105152K [0x0000000080000000, 0x0000000100000000)
  region size 1024K, 9 young (9216K), 1 survivors (1024K)
 Metaspace       used 121587K, committed 122880K, reserved 1155072K
  class space    used 16403K, committed 16896K, reserved 1048576K
}
Event: 5195.353 GC heap after
{Heap after GC invocations=62 (full 0):
 garbage-first heap   total 184320K, used 95403K [0x0000000080000000, 0x0000000100000000)
  region size 1024K, 1 young (1024K), 1 survivors (1024K)
 Metaspace       used 121587K, committed 122880K, reserved 1155072K
  class space    used 16403K, committed 16896K, reserved 1048576K
}
Event: 5624.517 GC heap before
{Heap before GC invocations=62 (full 0):
 garbage-first heap   total 184320K, used 103595K [0x0000000080000000, 0x0000000100000000)
  region size 1024K, 9 young (9216K), 1 survivors (1024K)
 Metaspace       used 121589K, committed 122880K, reserved 1155072K
  class space    used 16403K, committed 16896K, reserved 1048576K
}
Event: 5624.759 GC heap after
{Heap after GC invocations=63 (full 0):
 garbage-first heap   total 184320K, used 93981K [0x0000000080000000, 0x0000000100000000)
  region size 1024K, 1 young (1024K), 1 survivors (1024K)
 Metaspace       used 121589K, committed 122880K, reserved 1155072K
  class space    used 16403K, committed 16896K, reserved 1048576K
}
Event: 6074.518 GC heap before
{Heap before GC invocations=63 (full 0):
 garbage-first heap   total 184320K, used 101149K [0x0000000080000000, 0x0000000100000000)
  region size 1024K, 9 young (9216K), 1 survivors (1024K)
 Metaspace       used 121589K, committed 122880K, reserved 1155072K
  class space    used 16403K, committed 16896K, reserved 1048576K
}
Event: 6074.764 GC heap after
{Heap after GC invocations=64 (full 0):
 garbage-first heap   total 184320K, used 92630K [0x0000000080000000, 0x0000000100000000)
  region size 1024K, 1 young (1024K), 1 survivors (1024K)
 Metaspace       used 121589K, committed 122880K, reserved 1155072K
  class space    used 16403K, committed 16896K, reserved 1048576K
}
Event: 6248.076 GC heap before
{Heap before GC invocations=64 (full 0):
 garbage-first heap   total 184320K, used 99798K [0x0000000080000000, 0x0000000100000000)
  region size 1024K, 9 young (9216K), 1 survivors (1024K)
 Metaspace       used 121629K, committed 122880K, reserved 1155072K
  class space    used 16409K, committed 16896K, reserved 1048576K
}
Event: 6248.422 GC heap after
{Heap after GC invocations=65 (full 0):
 garbage-first heap   total 184320K, used 92300K [0x0000000080000000, 0x0000000100000000)
  region size 1024K, 2 young (2048K), 2 survivors (2048K)
 Metaspace       used 121629K, committed 122880K, reserved 1155072K
  class space    used 16409K, committed 16896K, reserved 1048576K
}
Event: 6251.988 GC heap before
{Heap before GC invocations=65 (full 0):
 garbage-first heap   total 184320K, used 99468K [0x0000000080000000, 0x0000000100000000)
  region size 1024K, 9 young (9216K), 2 survivors (2048K)
 Metaspace       used 121819K, committed 122944K, reserved 1155072K
  class space    used 16434K, committed 16896K, reserved 1048576K
}
Event: 6252.148 GC heap after
{Heap after GC invocations=66 (full 0):
 garbage-first heap   total 184320K, used 92435K [0x0000000080000000, 0x0000000100000000)
  region size 1024K, 2 young (2048K), 2 survivors (2048K)
 Metaspace       used 121819K, committed 122944K, reserved 1155072K
  class space    used 16434K, committed 16896K, reserved 1048576K
}
Event: 6254.961 GC heap before
{Heap before GC invocations=66 (full 0):
 garbage-first heap   total 184320K, used 99603K [0x0000000080000000, 0x0000000100000000)
  region size 1024K, 9 young (9216K), 2 survivors (2048K)
 Metaspace       used 122043K, committed 122944K, reserved 1155072K
  class space    used 16452K, committed 16896K, reserved 1048576K
}
Event: 6255.036 GC heap after
{Heap after GC invocations=67 (full 0):
 garbage-first heap   total 184320K, used 94122K [0x0000000080000000, 0x0000000100000000)
  region size 1024K, 2 young (2048K), 2 survivors (2048K)
 Metaspace       used 122043K, committed 122944K, reserved 1155072K
  class space    used 16452K, committed 16896K, reserved 1048576K
}
Event: 6258.735 GC heap before
{Heap before GC invocations=68 (full 0):
 garbage-first heap   total 184320K, used 101290K [0x0000000080000000, 0x0000000100000000)
  region size 1024K, 9 young (9216K), 2 survivors (2048K)
 Metaspace       used 123971K, committed 124608K, reserved 1163264K
  class space    used 16683K, committed 16960K, reserved 1048576K
}
Event: 6258.810 GC heap after
{Heap after GC invocations=69 (full 0):
 garbage-first heap   total 184320K, used 95295K [0x0000000080000000, 0x0000000100000000)
  region size 1024K, 2 young (2048K), 2 survivors (2048K)
 Metaspace       used 123971K, committed 124608K, reserved 1163264K
  class space    used 16683K, committed 16960K, reserved 1048576K
}
Event: 6259.413 GC heap before
{Heap before GC invocations=69 (full 0):
 garbage-first heap   total 184320K, used 102463K [0x0000000080000000, 0x0000000100000000)
  region size 1024K, 9 young (9216K), 2 survivors (2048K)
 Metaspace       used 124703K, committed 125312K, reserved 1163264K
  class space    used 16803K, committed 17088K, reserved 1048576K
}
Event: 6259.570 GC heap after
{Heap after GC invocations=70 (full 0):
 garbage-first heap   total 184320K, used 93698K [0x0000000080000000, 0x0000000100000000)
  region size 1024K, 2 young (2048K), 2 survivors (2048K)
 Metaspace       used 124703K, committed 125312K, reserved 1163264K
  class space    used 16803K, committed 17088K, reserved 1048576K
}
Event: 6261.581 GC heap before
{Heap before GC invocations=70 (full 0):
 garbage-first heap   total 184320K, used 99842K [0x0000000080000000, 0x0000000100000000)
  region size 1024K, 9 young (9216K), 2 survivors (2048K)
 Metaspace       used 126904K, committed 127488K, reserved 1163264K
  class space    used 17102K, committed 17344K, reserved 1048576K
}
Event: 6261.613 GC heap after
{Heap after GC invocations=71 (full 0):
 garbage-first heap   total 184320K, used 92372K [0x0000000080000000, 0x0000000100000000)
  region size 1024K, 2 young (2048K), 2 survivors (2048K)
 Metaspace       used 126904K, committed 127488K, reserved 1163264K
  class space    used 17102K, committed 17344K, reserved 1048576K
}
Event: 6263.449 GC heap before
{Heap before GC invocations=71 (full 0):
 garbage-first heap   total 184320K, used 98516K [0x0000000080000000, 0x0000000100000000)
  region size 1024K, 9 young (9216K), 2 survivors (2048K)
 Metaspace       used 126947K, committed 127488K, reserved 1163264K
  class space    used 17105K, committed 17344K, reserved 1048576K
}

