# JRE version: OpenJDK Runtime Environment (17.0.6) (build 17.0.6+0-b2043.56-9586694)
# Java VM: OpenJDK 64-Bit Server VM (17.0.6+0-b2043.56-9586694, mixed mode, tiered, compressed oops, compressed class ptrs, g1 gc, windows-amd64)
GC Precious Log:
 CPUs: 4 total, 4 available
 Memory: 3977M
 Large Page Support: Disabled
 NUMA Support: Disabled
 Compressed Oops: Enabled (32-bit)
 Heap Region Size: 1M
 Heap Min Capacity: 8M
 Heap Initial Capacity: 64M
 Heap Max Capacity: 2G
 Pre-touch: Disabled
 Parallel Workers: 4
 Concurrent Workers: 1
 Concurrent Refinement Workers: 4
 Periodic GC: Disabled
Heap:
 garbage-first heap   total 230400K, used 175698K [0x0000000080000000, 0x0000000100000000)
  region size 1024K, 5 young (5120K), 3 survivors (3072K)
 Metaspace       used 93360K, committed 94016K, reserved 1130496K
  class space    used 12438K, committed 12736K, reserved 1048576K
GC Heap History (20 events):
Event: 120.812 GC heap before
{Heap before GC invocations=44 (full 0):
 garbage-first heap   total 184320K, used 159079K [0x0000000080000000, 0x0000000100000000)
  region size 1024K, 38 young (38912K), 1 survivors (1024K)
 Metaspace       used 71628K, committed 72256K, reserved 1114112K
  class space    used 9459K, committed 9728K, reserved 1048576K
}
Event: 120.820 GC heap after
{Heap after GC invocations=45 (full 0):
 garbage-first heap   total 184320K, used 124928K [0x0000000080000000, 0x0000000100000000)
  region size 1024K, 5 young (5120K), 5 survivors (5120K)
 Metaspace       used 71628K, committed 72256K, reserved 1114112K
  class space    used 9459K, committed 9728K, reserved 1048576K
}
Event: 122.030 GC heap before
{Heap before GC invocations=46 (full 0):
 garbage-first heap   total 211968K, used 153600K [0x0000000080000000, 0x0000000100000000)
  region size 1024K, 33 young (33792K), 5 survivors (5120K)
 Metaspace       used 74277K, committed 74880K, reserved 1114112K
  class space    used 9801K, committed 10048K, reserved 1048576K
}
Event: 122.040 GC heap after
{Heap after GC invocations=47 (full 0):
 garbage-first heap   total 211968K, used 121054K [0x0000000080000000, 0x0000000100000000)
  region size 1024K, 2 young (2048K), 2 survivors (2048K)
 Metaspace       used 74277K, committed 74880K, reserved 1114112K
  class space    used 9801K, committed 10048K, reserved 1048576K
}
Event: 122.420 GC heap before
{Heap before GC invocations=47 (full 0):
 garbage-first heap   total 211968K, used 129246K [0x0000000080000000, 0x0000000100000000)
  region size 1024K, 10 young (10240K), 2 survivors (2048K)
 Metaspace       used 75036K, committed 75648K, reserved 1122304K
  class space    used 9911K, committed 10176K, reserved 1048576K
}
Event: 122.425 GC heap after
{Heap after GC invocations=48 (full 0):
 garbage-first heap   total 211968K, used 121456K [0x0000000080000000, 0x0000000100000000)
  region size 1024K, 1 young (1024K), 1 survivors (1024K)
 Metaspace       used 75036K, committed 75648K, reserved 1122304K
  class space    used 9911K, committed 10176K, reserved 1048576K
}
Event: 123.719 GC heap before
{Heap before GC invocations=48 (full 0):
 garbage-first heap   total 211968K, used 170608K [0x0000000080000000, 0x0000000100000000)
  region size 1024K, 48 young (49152K), 1 survivors (1024K)
 Metaspace       used 76616K, committed 77248K, reserved 1122304K
  class space    used 10121K, committed 10432K, reserved 1048576K
}
Event: 123.728 GC heap after
{Heap after GC invocations=49 (full 0):
 garbage-first heap   total 211968K, used 124680K [0x0000000080000000, 0x0000000100000000)
  region size 1024K, 4 young (4096K), 4 survivors (4096K)
 Metaspace       used 76616K, committed 77248K, reserved 1122304K
  class space    used 10121K, committed 10432K, reserved 1048576K
}
Event: 126.116 GC heap before
{Heap before GC invocations=49 (full 0):
 garbage-first heap   total 211968K, used 172808K [0x0000000080000000, 0x0000000100000000)
  region size 1024K, 51 young (52224K), 4 survivors (4096K)
 Metaspace       used 82531K, committed 83136K, reserved 1122304K
  class space    used 11126K, committed 11392K, reserved 1048576K
}
Event: 126.127 GC heap after
{Heap after GC invocations=50 (full 0):
 garbage-first heap   total 211968K, used 127560K [0x0000000080000000, 0x0000000100000000)
  region size 1024K, 7 young (7168K), 7 survivors (7168K)
 Metaspace       used 82531K, committed 83136K, reserved 1122304K
  class space    used 11126K, committed 11392K, reserved 1048576K
}
Event: 128.308 GC heap before
{Heap before GC invocations=50 (full 0):
 garbage-first heap   total 211968K, used 154184K [0x0000000080000000, 0x0000000100000000)
  region size 1024K, 34 young (34816K), 7 survivors (7168K)
 Metaspace       used 85818K, committed 86528K, reserved 1130496K
  class space    used 11464K, committed 11776K, reserved 1048576K
}
Event: 128.325 GC heap after
{Heap after GC invocations=51 (full 0):
 garbage-first heap   total 211968K, used 131954K [0x0000000080000000, 0x0000000100000000)
  region size 1024K, 7 young (7168K), 7 survivors (7168K)
 Metaspace       used 85818K, committed 86528K, reserved 1130496K
  class space    used 11464K, committed 11776K, reserved 1048576K
}
Event: 134.332 GC heap before
{Heap before GC invocations=52 (full 0):
 garbage-first heap   total 230400K, used 202610K [0x0000000080000000, 0x0000000100000000)
  region size 1024K, 48 young (49152K), 7 survivors (7168K)
 Metaspace       used 89012K, committed 89664K, reserved 1130496K
  class space    used 11965K, committed 12288K, reserved 1048576K
}
Event: 134.348 GC heap after
{Heap after GC invocations=53 (full 0):
 garbage-first heap   total 230400K, used 169366K [0x0000000080000000, 0x0000000100000000)
  region size 1024K, 6 young (6144K), 6 survivors (6144K)
 Metaspace       used 89012K, committed 89664K, reserved 1130496K
  class space    used 11965K, committed 12288K, reserved 1048576K
}
Event: 134.531 GC heap before
{Heap before GC invocations=53 (full 0):
 garbage-first heap   total 230400K, used 174486K [0x0000000080000000, 0x0000000100000000)
  region size 1024K, 11 young (11264K), 6 survivors (6144K)
 Metaspace       used 89168K, committed 89792K, reserved 1130496K
  class space    used 11990K, committed 12288K, reserved 1048576K
}
Event: 134.538 GC heap after
{Heap after GC invocations=54 (full 0):
 garbage-first heap   total 230400K, used 171350K [0x0000000080000000, 0x0000000100000000)
  region size 1024K, 1 young (1024K), 1 survivors (1024K)
 Metaspace       used 89168K, committed 89792K, reserved 1130496K
  class space    used 11990K, committed 12288K, reserved 1048576K
}
Event: 135.469 GC heap before
{Heap before GC invocations=54 (full 0):
 garbage-first heap   total 230400K, used 195926K [0x0000000080000000, 0x0000000100000000)
  region size 1024K, 26 young (26624K), 1 survivors (1024K)
 Metaspace       used 90804K, committed 91520K, reserved 1130496K
  class space    used 12202K, committed 12544K, reserved 1048576K
}
Event: 135.474 GC heap after
{Heap after GC invocations=55 (full 0):
 garbage-first heap   total 230400K, used 172789K [0x0000000080000000, 0x0000000100000000)
  region size 1024K, 3 young (3072K), 3 survivors (3072K)
 Metaspace       used 90804K, committed 91520K, reserved 1130496K
  class space    used 12202K, committed 12544K, reserved 1048576K
}
Event: 136.030 GC heap before
{Heap before GC invocations=55 (full 0):
 garbage-first heap   total 230400K, used 177909K [0x0000000080000000, 0x0000000100000000)
  region size 1024K, 10 young (10240K), 3 survivors (3072K)
 Metaspace       used 92361K, committed 93056K, reserved 1130496K
  class space    used 12396K, committed 12736K, reserved 1048576K
}
Event: 136.036 GC heap after
{Heap after GC invocations=56 (full 0):
 garbage-first heap   total 230400K, used 173650K [0x0000000080000000, 0x0000000100000000)
  region size 1024K, 3 young (3072K), 3 survivors (3072K)
 Metaspace       used 92361K, committed 93056K, reserved 1130496K
  class space    used 12396K, committed 12736K, reserved 1048576K
}

