# JRE version: OpenJDK Runtime Environment (17.0.6) (build 17.0.6+0-b2043.56-9586694)
# Java VM: OpenJDK 64-Bit Server VM (17.0.6+0-b2043.56-9586694, mixed mode, tiered, compressed oops, compressed class ptrs, g1 gc, windows-amd64)
GC Precious Log:
 CPUs: 4 total, 4 available
 Memory: 3977M
 Large Page Support: Disabled
 NUMA Support: Disabled
 Compressed Oops: Enabled (32-bit)
 Heap Region Size: 1M
 Heap Min Capacity: 8M
 Heap Initial Capacity: 64M
 Heap Max Capacity: 2G
 Pre-touch: Disabled
 Parallel Workers: 4
 Concurrent Workers: 1
 Concurrent Refinement Workers: 4
 Periodic GC: Disabled
Heap:
 garbage-first heap   total 243712K, used 157816K [0x0000000080000000, 0x0000000100000000)
  region size 1024K, 2 young (2048K), 2 survivors (2048K)
 Metaspace       used 136652K, committed 137600K, reserved 1171456K
  class space    used 17921K, committed 18368K, reserved 1048576K
GC Heap History (20 events):
Event: 730.899 GC heap after
{Heap after GC invocations=67 (full 0):
 garbage-first heap   total 243712K, used 127367K [0x0000000080000000, 0x0000000100000000)
  region size 1024K, 7 young (7168K), 7 survivors (7168K)
 Metaspace       used 131344K, committed 132288K, reserved 1171456K
  class space    used 17426K, committed 17856K, reserved 1048576K
}
Event: 740.531 GC heap before
{Heap before GC invocations=67 (full 0):
 garbage-first heap   total 243712K, used 212359K [0x0000000080000000, 0x0000000100000000)
  region size 1024K, 74 young (75776K), 7 survivors (7168K)
 Metaspace       used 135598K, committed 136576K, reserved 1171456K
  class space    used 17917K, committed 18368K, reserved 1048576K
}
Event: 740.637 GC heap after
{Heap after GC invocations=68 (full 0):
 garbage-first heap   total 243712K, used 130351K [0x0000000080000000, 0x0000000100000000)
  region size 1024K, 3 young (3072K), 3 survivors (3072K)
 Metaspace       used 135598K, committed 136576K, reserved 1171456K
  class space    used 17917K, committed 18368K, reserved 1048576K
}
Event: 759.197 GC heap before
{Heap before GC invocations=68 (full 0):
 garbage-first heap   total 243712K, used 201007K [0x0000000080000000, 0x0000000100000000)
  region size 1024K, 71 young (72704K), 3 survivors (3072K)
 Metaspace       used 135772K, committed 136704K, reserved 1171456K
  class space    used 17918K, committed 18368K, reserved 1048576K
}
Event: 759.264 GC heap after
{Heap after GC invocations=69 (full 0):
 garbage-first heap   total 243712K, used 139134K [0x0000000080000000, 0x0000000100000000)
  region size 1024K, 9 young (9216K), 9 survivors (9216K)
 Metaspace       used 135772K, committed 136704K, reserved 1171456K
  class space    used 17918K, committed 18368K, reserved 1048576K
}
Event: 760.917 GC heap before
{Heap before GC invocations=69 (full 0):
 garbage-first heap   total 243712K, used 200574K [0x0000000080000000, 0x0000000100000000)
  region size 1024K, 68 young (69632K), 9 survivors (9216K)
 Metaspace       used 136009K, committed 136960K, reserved 1171456K
  class space    used 17919K, committed 18368K, reserved 1048576K
}
Event: 760.953 GC heap after
{Heap after GC invocations=70 (full 0):
 garbage-first heap   total 243712K, used 141326K [0x0000000080000000, 0x0000000100000000)
  region size 1024K, 5 young (5120K), 5 survivors (5120K)
 Metaspace       used 136009K, committed 136960K, reserved 1171456K
  class space    used 17919K, committed 18368K, reserved 1048576K
}
Event: 761.778 GC heap before
{Heap before GC invocations=70 (full 0):
 garbage-first heap   total 243712K, used 199694K [0x0000000080000000, 0x0000000100000000)
  region size 1024K, 62 young (63488K), 5 survivors (5120K)
 Metaspace       used 136285K, committed 137216K, reserved 1171456K
  class space    used 17919K, committed 18368K, reserved 1048576K
}
Event: 761.783 GC heap after
{Heap after GC invocations=71 (full 0):
 garbage-first heap   total 243712K, used 140413K [0x0000000080000000, 0x0000000100000000)
  region size 1024K, 4 young (4096K), 4 survivors (4096K)
 Metaspace       used 136285K, committed 137216K, reserved 1171456K
  class space    used 17919K, committed 18368K, reserved 1048576K
}
Event: 2441.201 GC heap before
{Heap before GC invocations=71 (full 0):
 garbage-first heap   total 243712K, used 213117K [0x0000000080000000, 0x0000000100000000)
  region size 1024K, 64 young (65536K), 4 survivors (4096K)
 Metaspace       used 136455K, committed 137408K, reserved 1171456K
  class space    used 17920K, committed 18368K, reserved 1048576K
}
Event: 2441.910 GC heap after
{Heap after GC invocations=72 (full 0):
 garbage-first heap   total 243712K, used 138149K [0x0000000080000000, 0x0000000100000000)
  region size 1024K, 2 young (2048K), 2 survivors (2048K)
 Metaspace       used 136455K, committed 137408K, reserved 1171456K
  class space    used 17920K, committed 18368K, reserved 1048576K
}
Event: 3205.874 GC heap before
{Heap before GC invocations=72 (full 0):
 garbage-first heap   total 243712K, used 203685K [0x0000000080000000, 0x0000000100000000)
  region size 1024K, 67 young (68608K), 2 survivors (2048K)
 Metaspace       used 136643K, committed 137600K, reserved 1171456K
  class space    used 17921K, committed 18368K, reserved 1048576K
}
Event: 3206.991 GC heap after
{Heap after GC invocations=73 (full 0):
 garbage-first heap   total 243712K, used 145418K [0x0000000080000000, 0x0000000100000000)
  region size 1024K, 9 young (9216K), 9 survivors (9216K)
 Metaspace       used 136643K, committed 137600K, reserved 1171456K
  class space    used 17921K, committed 18368K, reserved 1048576K
}
Event: 3207.740 GC heap before
{Heap before GC invocations=73 (full 0):
 garbage-first heap   total 243712K, used 148490K [0x0000000080000000, 0x0000000100000000)
  region size 1024K, 11 young (11264K), 9 survivors (9216K)
 Metaspace       used 136644K, committed 137600K, reserved 1171456K
  class space    used 17921K, committed 18368K, reserved 1048576K
}
Event: 3208.096 GC heap after
{Heap after GC invocations=74 (full 0):
 garbage-first heap   total 243712K, used 149519K [0x0000000080000000, 0x0000000100000000)
  region size 1024K, 2 young (2048K), 2 survivors (2048K)
 Metaspace       used 136644K, committed 137600K, reserved 1171456K
  class space    used 17921K, committed 18368K, reserved 1048576K
}
Event: 3208.247 GC heap before
{Heap before GC invocations=74 (full 0):
 garbage-first heap   total 243712K, used 157711K [0x0000000080000000, 0x0000000100000000)
  region size 1024K, 11 young (11264K), 2 survivors (2048K)
 Metaspace       used 136644K, committed 137600K, reserved 1171456K
  class space    used 17921K, committed 18368K, reserved 1048576K
}
Event: 3208.315 GC heap after
{Heap after GC invocations=75 (full 0):
 garbage-first heap   total 243712K, used 151811K [0x0000000080000000, 0x0000000100000000)
  region size 1024K, 2 young (2048K), 2 survivors (2048K)
 Metaspace       used 136644K, committed 137600K, reserved 1171456K
  class space    used 17921K, committed 18368K, reserved 1048576K
}
Event: 3208.745 GC heap before
{Heap before GC invocations=75 (full 0):
 garbage-first heap   total 243712K, used 161027K [0x0000000080000000, 0x0000000100000000)
  region size 1024K, 11 young (11264K), 2 survivors (2048K)
 Metaspace       used 136646K, committed 137600K, reserved 1171456K
  class space    used 17921K, committed 18368K, reserved 1048576K
}
Event: 3208.841 GC heap after
{Heap after GC invocations=76 (full 0):
 garbage-first heap   total 243712K, used 155135K [0x0000000080000000, 0x0000000100000000)
  region size 1024K, 2 young (2048K), 2 survivors (2048K)
 Metaspace       used 136646K, committed 137600K, reserved 1171456K
  class space    used 17921K, committed 18368K, reserved 1048576K
}
Event: 3209.171 GC heap before
{Heap before GC invocations=76 (full 0):
 garbage-first heap   total 243712K, used 164351K [0x0000000080000000, 0x0000000100000000)
  region size 1024K, 11 young (11264K), 2 survivors (2048K)
 Metaspace       used 136652K, committed 137600K, reserved 1171456K
  class space    used 17921K, committed 18368K, reserved 1048576K
}

