# JRE version: OpenJDK Runtime Environment (17.0.6) (build 17.0.6+0-b2043.56-9586694)
# Java VM: OpenJDK 64-Bit Server VM (17.0.6+0-b2043.56-9586694, mixed mode, tiered, compressed oops, compressed class ptrs, g1 gc, windows-amd64)
GC Precious Log:
 CPUs: 4 total, 4 available
 Memory: 3977M
 Large Page Support: Disabled
 NUMA Support: Disabled
 Compressed Oops: Enabled (32-bit)
 Heap Region Size: 1M
 Heap Min Capacity: 8M
 Heap Initial Capacity: 64M
 Heap Max Capacity: 2G
 Pre-touch: Disabled
 Parallel Workers: 4
 Concurrent Workers: 1
 Concurrent Refinement Workers: 4
 Periodic GC: Disabled
Heap:
 garbage-first heap   total 239616K, used 172258K [0x0000000080000000, 0x0000000100000000)
  region size 1024K, 3 young (3072K), 3 survivors (3072K)
 Metaspace       used 91918K, committed 92672K, reserved 1130496K
  class space    used 12326K, committed 12672K, reserved 1048576K
GC Heap History (20 events):
Event: 123.061 GC heap after
{Heap after GC invocations=47 (full 0):
 garbage-first heap   total 198656K, used 119701K [0x0000000080000000, 0x0000000100000000)
  region size 1024K, 5 young (5120K), 5 survivors (5120K)
 Metaspace       used 73242K, committed 73920K, reserved 1114112K
  class space    used 9661K, committed 9984K, reserved 1048576K
}
Event: 123.383 GC heap before
{Heap before GC invocations=47 (full 0):
 garbage-first heap   total 198656K, used 123797K [0x0000000080000000, 0x0000000100000000)
  region size 1024K, 9 young (9216K), 5 survivors (5120K)
 Metaspace       used 73597K, committed 74240K, reserved 1114112K
  class space    used 9712K, committed 9984K, reserved 1048576K
}
Event: 123.391 GC heap after
{Heap after GC invocations=48 (full 0):
 garbage-first heap   total 198656K, used 119876K [0x0000000080000000, 0x0000000100000000)
  region size 1024K, 1 young (1024K), 1 survivors (1024K)
 Metaspace       used 73597K, committed 74240K, reserved 1114112K
  class space    used 9712K, committed 9984K, reserved 1048576K
}
Event: 126.162 GC heap before
{Heap before GC invocations=48 (full 0):
 garbage-first heap   total 198656K, used 156740K [0x0000000080000000, 0x0000000100000000)
  region size 1024K, 36 young (36864K), 1 survivors (1024K)
 Metaspace       used 76558K, committed 77248K, reserved 1122304K
  class space    used 10108K, committed 10432K, reserved 1048576K
}
Event: 126.167 GC heap after
{Heap after GC invocations=49 (full 0):
 garbage-first heap   total 198656K, used 121632K [0x0000000080000000, 0x0000000100000000)
  region size 1024K, 3 young (3072K), 3 survivors (3072K)
 Metaspace       used 76558K, committed 77248K, reserved 1122304K
  class space    used 10108K, committed 10432K, reserved 1048576K
}
Event: 127.062 GC heap before
{Heap before GC invocations=50 (full 0):
 garbage-first heap   total 219136K, used 157472K [0x0000000080000000, 0x0000000100000000)
  region size 1024K, 38 young (38912K), 3 survivors (3072K)
 Metaspace       used 77424K, committed 78080K, reserved 1122304K
  class space    used 10202K, committed 10496K, reserved 1048576K
}
Event: 127.074 GC heap after
{Heap after GC invocations=51 (full 0):
 garbage-first heap   total 219136K, used 124364K [0x0000000080000000, 0x0000000100000000)
  region size 1024K, 5 young (5120K), 5 survivors (5120K)
 Metaspace       used 77424K, committed 78080K, reserved 1122304K
  class space    used 10202K, committed 10496K, reserved 1048576K
}
Event: 130.504 GC heap before
{Heap before GC invocations=51 (full 0):
 garbage-first heap   total 219136K, used 174540K [0x0000000080000000, 0x0000000100000000)
  region size 1024K, 54 young (55296K), 5 survivors (5120K)
 Metaspace       used 83211K, committed 83904K, reserved 1122304K
  class space    used 11208K, committed 11520K, reserved 1048576K
}
Event: 130.517 GC heap after
{Heap after GC invocations=52 (full 0):
 garbage-first heap   total 219136K, used 127890K [0x0000000080000000, 0x0000000100000000)
  region size 1024K, 6 young (6144K), 6 survivors (6144K)
 Metaspace       used 83211K, committed 83904K, reserved 1122304K
  class space    used 11208K, committed 11520K, reserved 1048576K
}
Event: 138.038 GC heap before
{Heap before GC invocations=52 (full 0):
 garbage-first heap   total 219136K, used 147346K [0x0000000080000000, 0x0000000100000000)
  region size 1024K, 26 young (26624K), 6 survivors (6144K)
 Metaspace       used 85826K, committed 86528K, reserved 1130496K
  class space    used 11457K, committed 11776K, reserved 1048576K
}
Event: 138.051 GC heap after
{Heap after GC invocations=53 (full 0):
 garbage-first heap   total 219136K, used 132081K [0x0000000080000000, 0x0000000100000000)
  region size 1024K, 7 young (7168K), 7 survivors (7168K)
 Metaspace       used 85826K, committed 86528K, reserved 1130496K
  class space    used 11457K, committed 11776K, reserved 1048576K
}
Event: 139.079 GC heap before
{Heap before GC invocations=54 (full 0):
 garbage-first heap   total 225280K, used 134129K [0x0000000080000000, 0x0000000100000000)
  region size 1024K, 8 young (8192K), 7 survivors (7168K)
 Metaspace       used 85826K, committed 86528K, reserved 1130496K
  class space    used 11457K, committed 11776K, reserved 1048576K
}
Event: 139.089 GC heap after
{Heap after GC invocations=55 (full 0):
 garbage-first heap   total 225280K, used 135573K [0x0000000080000000, 0x0000000100000000)
  region size 1024K, 1 young (1024K), 1 survivors (1024K)
 Metaspace       used 85826K, committed 86528K, reserved 1130496K
  class space    used 11457K, committed 11776K, reserved 1048576K
}
Event: 140.980 GC heap before
{Heap before GC invocations=56 (full 0):
 garbage-first heap   total 234496K, used 138645K [0x0000000080000000, 0x0000000100000000)
  region size 1024K, 2 young (2048K), 1 survivors (1024K)
 Metaspace       used 85828K, committed 86528K, reserved 1130496K
  class space    used 11457K, committed 11776K, reserved 1048576K
}
Event: 140.983 GC heap after
{Heap after GC invocations=57 (full 0):
 garbage-first heap   total 234496K, used 138326K [0x0000000080000000, 0x0000000100000000)
  region size 1024K, 1 young (1024K), 1 survivors (1024K)
 Metaspace       used 85828K, committed 86528K, reserved 1130496K
  class space    used 11457K, committed 11776K, reserved 1048576K
}
Event: 161.561 GC heap before
{Heap before GC invocations=58 (full 0):
 garbage-first heap   total 239616K, used 205910K [0x0000000080000000, 0x0000000100000000)
  region size 1024K, 44 young (45056K), 1 survivors (1024K)
 Metaspace       used 89041K, committed 89792K, reserved 1130496K
  class space    used 11957K, committed 12288K, reserved 1048576K
}
Event: 161.569 GC heap after
{Heap after GC invocations=59 (full 0):
 garbage-first heap   total 239616K, used 170521K [0x0000000080000000, 0x0000000100000000)
  region size 1024K, 6 young (6144K), 6 survivors (6144K)
 Metaspace       used 89041K, committed 89792K, reserved 1130496K
  class space    used 11957K, committed 12288K, reserved 1048576K
}
Event: 161.797 GC heap before
{Heap before GC invocations=59 (full 0):
 garbage-first heap   total 239616K, used 175641K [0x0000000080000000, 0x0000000100000000)
  region size 1024K, 11 young (11264K), 6 survivors (6144K)
 Metaspace       used 89388K, committed 90048K, reserved 1130496K
  class space    used 12008K, committed 12288K, reserved 1048576K
}
Event: 161.804 GC heap after
{Heap after GC invocations=60 (full 0):
 garbage-first heap   total 239616K, used 170243K [0x0000000080000000, 0x0000000100000000)
  region size 1024K, 1 young (1024K), 1 survivors (1024K)
 Metaspace       used 89388K, committed 90048K, reserved 1130496K
  class space    used 12008K, committed 12288K, reserved 1048576K
}
Event: 163.469 GC heap before
{Heap before GC invocations=60 (full 0):
 garbage-first heap   total 239616K, used 197891K [0x0000000080000000, 0x0000000100000000)
  region size 1024K, 28 young (28672K), 1 survivors (1024K)
 Metaspace       used 91918K, committed 92672K, reserved 1130496K
  class space    used 12326K, committed 12672K, reserved 1048576K
}

