# JRE version: OpenJDK Runtime Environment (17.0.6) (build 17.0.6+0-b2043.56-9586694)
# Java VM: OpenJDK 64-Bit Server VM (17.0.6+0-b2043.56-9586694, mixed mode, tiered, compressed oops, compressed class ptrs, g1 gc, windows-amd64)
GC Precious Log:
 CPUs: 4 total, 4 available
 Memory: 3977M
 Large Page Support: Disabled
 NUMA Support: Disabled
 Compressed Oops: Enabled (32-bit)
 Heap Region Size: 1M
 Heap Min Capacity: 8M
 Heap Initial Capacity: 64M
 Heap Max Capacity: 2G
 Pre-touch: Disabled
 Parallel Workers: 4
 Concurrent Workers: 1
 Concurrent Refinement Workers: 4
 Periodic GC: Disabled
Heap:
 garbage-first heap   total 365568K, used 277616K [0x0000000080000000, 0x0000000100000000)
  region size 1024K, 1 young (1024K), 1 survivors (1024K)
 Metaspace       used 135058K, committed 135872K, reserved 1171456K
  class space    used 18058K, committed 18432K, reserved 1048576K
GC Heap History (20 events):
Event: 118.813 GC heap after
{Heap after GC invocations=41 (full 0):
 garbage-first heap   total 364544K, used 120222K [0x0000000080000000, 0x0000000100000000)
  region size 1024K, 5 young (5120K), 5 survivors (5120K)
 Metaspace       used 107160K, committed 107904K, reserved 1146880K
  class space    used 14312K, committed 14656K, reserved 1048576K
}
Event: 124.237 GC heap before
{Heap before GC invocations=41 (full 0):
 garbage-first heap   total 364544K, used 237982K [0x0000000080000000, 0x0000000100000000)
  region size 1024K, 121 young (123904K), 5 survivors (5120K)
 Metaspace       used 110941K, committed 111680K, reserved 1146880K
  class space    used 14652K, committed 14976K, reserved 1048576K
}
Event: 124.252 GC heap after
{Heap after GC invocations=42 (full 0):
 garbage-first heap   total 364544K, used 121677K [0x0000000080000000, 0x0000000100000000)
  region size 1024K, 7 young (7168K), 7 survivors (7168K)
 Metaspace       used 110941K, committed 111680K, reserved 1146880K
  class space    used 14652K, committed 14976K, reserved 1048576K
}
Event: 158.171 GC heap before
{Heap before GC invocations=42 (full 0):
 garbage-first heap   total 364544K, used 258893K [0x0000000080000000, 0x0000000100000000)
  region size 1024K, 142 young (145408K), 7 survivors (7168K)
 Metaspace       used 116907K, committed 117696K, reserved 1155072K
  class space    used 15409K, committed 15744K, reserved 1048576K
}
Event: 158.224 GC heap after
{Heap after GC invocations=43 (full 0):
 garbage-first heap   total 364544K, used 130462K [0x0000000080000000, 0x0000000100000000)
  region size 1024K, 15 young (15360K), 15 survivors (15360K)
 Metaspace       used 116907K, committed 117696K, reserved 1155072K
  class space    used 15409K, committed 15744K, reserved 1048576K
}
Event: 169.635 GC heap before
{Heap before GC invocations=43 (full 0):
 garbage-first heap   total 364544K, used 207262K [0x0000000080000000, 0x0000000100000000)
  region size 1024K, 92 young (94208K), 15 survivors (15360K)
 Metaspace       used 123318K, committed 124096K, reserved 1163264K
  class space    used 16263K, committed 16640K, reserved 1048576K
}
Event: 169.674 GC heap after
{Heap after GC invocations=44 (full 0):
 garbage-first heap   total 364544K, used 139108K [0x0000000080000000, 0x0000000100000000)
  region size 1024K, 18 young (18432K), 18 survivors (18432K)
 Metaspace       used 123318K, committed 124096K, reserved 1163264K
  class space    used 16263K, committed 16640K, reserved 1048576K
}
Event: 178.533 GC heap before
{Heap before GC invocations=45 (full 0):
 garbage-first heap   total 364544K, used 323428K [0x0000000080000000, 0x0000000100000000)
  region size 1024K, 157 young (160768K), 18 survivors (18432K)
 Metaspace       used 133720K, committed 134464K, reserved 1171456K
  class space    used 17938K, committed 18304K, reserved 1048576K
}
Event: 178.599 GC heap after
{Heap after GC invocations=46 (full 0):
 garbage-first heap   total 365568K, used 184873K [0x0000000080000000, 0x0000000100000000)
  region size 1024K, 20 young (20480K), 20 survivors (20480K)
 Metaspace       used 133720K, committed 134464K, reserved 1171456K
  class space    used 17938K, committed 18304K, reserved 1048576K
}
Event: 178.625 GC heap before
{Heap before GC invocations=46 (full 0):
 garbage-first heap   total 365568K, used 185897K [0x0000000080000000, 0x0000000100000000)
  region size 1024K, 21 young (21504K), 20 survivors (20480K)
 Metaspace       used 133724K, committed 134464K, reserved 1171456K
  class space    used 17938K, committed 18304K, reserved 1048576K
}
Event: 178.668 GC heap after
{Heap after GC invocations=47 (full 0):
 garbage-first heap   total 365568K, used 183870K [0x0000000080000000, 0x0000000100000000)
  region size 1024K, 2 young (2048K), 2 survivors (2048K)
 Metaspace       used 133724K, committed 134464K, reserved 1171456K
  class space    used 17938K, committed 18304K, reserved 1048576K
}
Event: 179.464 GC heap before
{Heap before GC invocations=47 (full 0):
 garbage-first heap   total 365568K, used 281150K [0x0000000080000000, 0x0000000100000000)
  region size 1024K, 98 young (100352K), 2 survivors (2048K)
 Metaspace       used 134213K, committed 134912K, reserved 1171456K
  class space    used 17970K, committed 18304K, reserved 1048576K
}
Event: 179.543 GC heap after
{Heap after GC invocations=48 (full 0):
 garbage-first heap   total 365568K, used 225280K [0x0000000080000000, 0x0000000100000000)
  region size 1024K, 13 young (13312K), 13 survivors (13312K)
 Metaspace       used 134213K, committed 134912K, reserved 1171456K
  class space    used 17970K, committed 18304K, reserved 1048576K
}
Event: 180.237 GC heap before
{Heap before GC invocations=48 (full 0):
 garbage-first heap   total 365568K, used 283648K [0x0000000080000000, 0x0000000100000000)
  region size 1024K, 70 young (71680K), 13 survivors (13312K)
 Metaspace       used 134755K, committed 135616K, reserved 1171456K
  class space    used 18049K, committed 18432K, reserved 1048576K
}
Event: 180.290 GC heap after
{Heap after GC invocations=49 (full 0):
 garbage-first heap   total 365568K, used 234112K [0x0000000080000000, 0x0000000100000000)
  region size 1024K, 7 young (7168K), 7 survivors (7168K)
 Metaspace       used 134755K, committed 135616K, reserved 1171456K
  class space    used 18049K, committed 18432K, reserved 1048576K
}
Event: 181.324 GC heap before
{Heap before GC invocations=49 (full 0):
 garbage-first heap   total 365568K, used 302720K [0x0000000080000000, 0x0000000100000000)
  region size 1024K, 62 young (63488K), 7 survivors (7168K)
 Metaspace       used 134888K, committed 135744K, reserved 1171456K
  class space    used 18056K, committed 18432K, reserved 1048576K
}
Event: 181.350 GC heap after
{Heap after GC invocations=50 (full 0):
 garbage-first heap   total 365568K, used 250777K [0x0000000080000000, 0x0000000100000000)
  region size 1024K, 5 young (5120K), 5 survivors (5120K)
 Metaspace       used 134888K, committed 135744K, reserved 1171456K
  class space    used 18056K, committed 18432K, reserved 1048576K
}
Event: 181.782 GC heap before
{Heap before GC invocations=50 (full 0):
 garbage-first heap   total 365568K, used 307097K [0x0000000080000000, 0x0000000100000000)
  region size 1024K, 54 young (55296K), 5 survivors (5120K)
 Metaspace       used 134946K, committed 135744K, reserved 1171456K
  class space    used 18058K, committed 18432K, reserved 1048576K
}
Event: 181.808 GC heap after
{Heap after GC invocations=51 (full 0):
 garbage-first heap   total 365568K, used 269020K [0x0000000080000000, 0x0000000100000000)
  region size 1024K, 7 young (7168K), 7 survivors (7168K)
 Metaspace       used 134946K, committed 135744K, reserved 1171456K
  class space    used 18058K, committed 18432K, reserved 1048576K
}
Event: 182.127 GC heap before
{Heap before GC invocations=51 (full 0):
 garbage-first heap   total 365568K, used 314076K [0x0000000080000000, 0x0000000100000000)
  region size 1024K, 42 young (43008K), 7 survivors (7168K)
 Metaspace       used 135058K, committed 135872K, reserved 1171456K
  class space    used 18058K, committed 18432K, reserved 1048576K
}

