# JRE version: OpenJDK Runtime Environment (17.0.6) (build 17.0.6+0-b2043.56-9586694)
# Java VM: OpenJDK 64-Bit Server VM (17.0.6+0-b2043.56-9586694, mixed mode, tiered, compressed oops, compressed class ptrs, g1 gc, windows-amd64)
GC Precious Log:
 CPUs: 4 total, 4 available
 Memory: 3977M
 Large Page Support: Disabled
 NUMA Support: Disabled
 Compressed Oops: Enabled (32-bit)
 Heap Region Size: 1M
 Heap Min Capacity: 8M
 Heap Initial Capacity: 64M
 Heap Max Capacity: 2G
 Pre-touch: Disabled
 Parallel Workers: 4
 Concurrent Workers: 1
 Concurrent Refinement Workers: 4
 Periodic GC: Disabled
Heap:
 garbage-first heap   total 378880K, used 251085K [0x0000000080000000, 0x0000000100000000)
  region size 1024K, 3 young (3072K), 3 survivors (3072K)
 Metaspace       used 143773K, committed 145600K, reserved 1179648K
  class space    used 18667K, committed 19520K, reserved 1048576K
GC Heap History (20 events):
Event: 2138.469 GC heap after
{Heap after GC invocations=98 (full 0):
 garbage-first heap   total 378880K, used 230515K [0x0000000080000000, 0x0000000100000000)
  region size 1024K, 4 young (4096K), 4 survivors (4096K)
 Metaspace       used 143259K, committed 145088K, reserved 1179648K
  class space    used 18656K, committed 19520K, reserved 1048576K
}
Event: 2230.934 GC heap before
{Heap before GC invocations=98 (full 0):
 garbage-first heap   total 378880K, used 321651K [0x0000000080000000, 0x0000000100000000)
  region size 1024K, 94 young (96256K), 4 survivors (4096K)
 Metaspace       used 143385K, committed 145280K, reserved 1179648K
  class space    used 18666K, committed 19520K, reserved 1048576K
}
Event: 2230.998 GC heap after
{Heap after GC invocations=99 (full 0):
 garbage-first heap   total 378880K, used 228650K [0x0000000080000000, 0x0000000100000000)
  region size 1024K, 2 young (2048K), 2 survivors (2048K)
 Metaspace       used 143385K, committed 145280K, reserved 1179648K
  class space    used 18666K, committed 19520K, reserved 1048576K
}
Event: 2261.322 GC heap before
{Heap before GC invocations=99 (full 0):
 garbage-first heap   total 378880K, used 325930K [0x0000000080000000, 0x0000000100000000)
  region size 1024K, 97 young (99328K), 2 survivors (2048K)
 Metaspace       used 143460K, committed 145344K, reserved 1179648K
  class space    used 18666K, committed 19520K, reserved 1048576K
}
Event: 2261.363 GC heap after
{Heap after GC invocations=100 (full 0):
 garbage-first heap   total 378880K, used 233833K [0x0000000080000000, 0x0000000100000000)
  region size 1024K, 7 young (7168K), 7 survivors (7168K)
 Metaspace       used 143460K, committed 145344K, reserved 1179648K
  class space    used 18666K, committed 19520K, reserved 1048576K
}
Event: 2309.531 GC heap before
{Heap before GC invocations=100 (full 0):
 garbage-first heap   total 378880K, used 323945K [0x0000000080000000, 0x0000000100000000)
  region size 1024K, 95 young (97280K), 7 survivors (7168K)
 Metaspace       used 143568K, committed 145472K, reserved 1179648K
  class space    used 18666K, committed 19520K, reserved 1048576K
}
Event: 2309.567 GC heap after
{Heap after GC invocations=101 (full 0):
 garbage-first heap   total 378880K, used 232929K [0x0000000080000000, 0x0000000100000000)
  region size 1024K, 5 young (5120K), 5 survivors (5120K)
 Metaspace       used 143568K, committed 145472K, reserved 1179648K
  class space    used 18666K, committed 19520K, reserved 1048576K
}
Event: 2363.301 GC heap before
{Heap before GC invocations=101 (full 0):
 garbage-first heap   total 378880K, used 323041K [0x0000000080000000, 0x0000000100000000)
  region size 1024K, 94 young (96256K), 5 survivors (5120K)
 Metaspace       used 143652K, committed 145536K, reserved 1179648K
  class space    used 18666K, committed 19520K, reserved 1048576K
}
Event: 2363.853 GC heap after
{Heap after GC invocations=102 (full 0):
 garbage-first heap   total 378880K, used 229797K [0x0000000080000000, 0x0000000100000000)
  region size 1024K, 2 young (2048K), 2 survivors (2048K)
 Metaspace       used 143652K, committed 145536K, reserved 1179648K
  class space    used 18666K, committed 19520K, reserved 1048576K
}
Event: 2364.271 GC heap before
{Heap before GC invocations=102 (full 0):
 garbage-first heap   total 378880K, used 247205K [0x0000000080000000, 0x0000000100000000)
  region size 1024K, 19 young (19456K), 2 survivors (2048K)
 Metaspace       used 143662K, committed 145536K, reserved 1179648K
  class space    used 18667K, committed 19520K, reserved 1048576K
}
Event: 2364.298 GC heap after
{Heap after GC invocations=103 (full 0):
 garbage-first heap   total 378880K, used 230825K [0x0000000080000000, 0x0000000100000000)
  region size 1024K, 3 young (3072K), 3 survivors (3072K)
 Metaspace       used 143662K, committed 145536K, reserved 1179648K
  class space    used 18667K, committed 19520K, reserved 1048576K
}
Event: 2364.618 GC heap before
{Heap before GC invocations=103 (full 0):
 garbage-first heap   total 378880K, used 249257K [0x0000000080000000, 0x0000000100000000)
  region size 1024K, 21 young (21504K), 3 survivors (3072K)
 Metaspace       used 143680K, committed 145536K, reserved 1179648K
  class space    used 18667K, committed 19520K, reserved 1048576K
}
Event: 2364.654 GC heap after
{Heap after GC invocations=104 (full 0):
 garbage-first heap   total 378880K, used 233733K [0x0000000080000000, 0x0000000100000000)
  region size 1024K, 3 young (3072K), 3 survivors (3072K)
 Metaspace       used 143680K, committed 145536K, reserved 1179648K
  class space    used 18667K, committed 19520K, reserved 1048576K
}
Event: 2364.976 GC heap before
{Heap before GC invocations=104 (full 0):
 garbage-first heap   total 378880K, used 249093K [0x0000000080000000, 0x0000000100000000)
  region size 1024K, 19 young (19456K), 3 survivors (3072K)
 Metaspace       used 143712K, committed 145536K, reserved 1179648K
  class space    used 18667K, committed 19520K, reserved 1048576K
}
Event: 2364.986 GC heap after
{Heap after GC invocations=105 (full 0):
 garbage-first heap   total 378880K, used 235226K [0x0000000080000000, 0x0000000100000000)
  region size 1024K, 2 young (2048K), 2 survivors (2048K)
 Metaspace       used 143712K, committed 145536K, reserved 1179648K
  class space    used 18667K, committed 19520K, reserved 1048576K
}
Event: 2370.725 GC heap before
{Heap before GC invocations=105 (full 0):
 garbage-first heap   total 378880K, used 262874K [0x0000000080000000, 0x0000000100000000)
  region size 1024K, 30 young (30720K), 2 survivors (2048K)
 Metaspace       used 143732K, committed 145600K, reserved 1179648K
  class space    used 18667K, committed 19520K, reserved 1048576K
}
Event: 2370.738 GC heap after
{Heap after GC invocations=106 (full 0):
 garbage-first heap   total 378880K, used 238401K [0x0000000080000000, 0x0000000100000000)
  region size 1024K, 4 young (4096K), 4 survivors (4096K)
 Metaspace       used 143732K, committed 145600K, reserved 1179648K
  class space    used 18667K, committed 19520K, reserved 1048576K
}
Event: 2371.191 GC heap before
{Heap before GC invocations=106 (full 0):
 garbage-first heap   total 378880K, used 265025K [0x0000000080000000, 0x0000000100000000)
  region size 1024K, 30 young (30720K), 4 survivors (4096K)
 Metaspace       used 143744K, committed 145600K, reserved 1179648K
  class space    used 18667K, committed 19520K, reserved 1048576K
}
Event: 2371.424 GC heap after
{Heap after GC invocations=107 (full 0):
 garbage-first heap   total 378880K, used 242886K [0x0000000080000000, 0x0000000100000000)
  region size 1024K, 4 young (4096K), 4 survivors (4096K)
 Metaspace       used 143744K, committed 145600K, reserved 1179648K
  class space    used 18667K, committed 19520K, reserved 1048576K
}
Event: 2372.680 GC heap before
{Heap before GC invocations=107 (full 0):
 garbage-first heap   total 378880K, used 261318K [0x0000000080000000, 0x0000000100000000)
  region size 1024K, 21 young (21504K), 4 survivors (4096K)
 Metaspace       used 143773K, committed 145600K, reserved 1179648K
  class space    used 18667K, committed 19520K, reserved 1048576K
}

