# JRE version: OpenJDK Runtime Environment (17.0.6) (build 17.0.6+0-b2043.56-9586694)
# Java VM: OpenJDK 64-Bit Server VM (17.0.6+0-b2043.56-9586694, mixed mode, tiered, compressed oops, compressed class ptrs, g1 gc, windows-amd64)
GC Precious Log:
 CPUs: 4 total, 4 available
 Memory: 3977M
 Large Page Support: Disabled
 NUMA Support: Disabled
 Compressed Oops: Enabled (32-bit)
 Heap Region Size: 1M
 Heap Min Capacity: 8M
 Heap Initial Capacity: 64M
 Heap Max Capacity: 2G
 Pre-touch: Disabled
 Parallel Workers: 4
 Concurrent Workers: 1
 Concurrent Refinement Workers: 4
 Periodic GC: Disabled
Heap:
 garbage-first heap   total 467968K, used 129174K [0x0000000080000000, 0x0000000100000000)
  region size 1024K, 3 young (3072K), 3 survivors (3072K)
 Metaspace       used 147287K, committed 148992K, reserved 1179648K
  class space    used 19210K, committed 20032K, reserved 1048576K
GC Heap History (20 events):
Event: 6718.452 GC heap after
{Heap after GC invocations=122 (full 0):
 garbage-first heap   total 488448K, used 121568K [0x0000000080000000, 0x0000000100000000)
  region size 1024K, 2 young (2048K), 2 survivors (2048K)
 Metaspace       used 147006K, committed 148736K, reserved 1179648K
  class space    used 19202K, committed 20032K, reserved 1048576K
}
Event: 7132.414 GC heap before
{Heap before GC invocations=123 (full 0):
 garbage-first heap   total 444416K, used 226016K [0x0000000080000000, 0x0000000100000000)
  region size 1024K, 94 young (96256K), 2 survivors (2048K)
 Metaspace       used 147051K, committed 148800K, reserved 1179648K
  class space    used 19203K, committed 20032K, reserved 1048576K
}
Event: 7132.449 GC heap after
{Heap after GC invocations=124 (full 0):
 garbage-first heap   total 444416K, used 128963K [0x0000000080000000, 0x0000000100000000)
  region size 1024K, 9 young (9216K), 9 survivors (9216K)
 Metaspace       used 147051K, committed 148800K, reserved 1179648K
  class space    used 19203K, committed 20032K, reserved 1048576K
}
Event: 7132.842 GC heap before
{Heap before GC invocations=124 (full 0):
 garbage-first heap   total 444416K, used 140227K [0x0000000080000000, 0x0000000100000000)
  region size 1024K, 21 young (21504K), 9 survivors (9216K)
 Metaspace       used 147057K, committed 148800K, reserved 1179648K
  class space    used 19203K, committed 20032K, reserved 1048576K
}
Event: 7132.941 GC heap after
{Heap after GC invocations=125 (full 0):
 garbage-first heap   total 444416K, used 120030K [0x0000000080000000, 0x0000000100000000)
  region size 1024K, 2 young (2048K), 2 survivors (2048K)
 Metaspace       used 147057K, committed 148800K, reserved 1179648K
  class space    used 19203K, committed 20032K, reserved 1048576K
}
Event: 7133.149 GC heap before
{Heap before GC invocations=125 (full 0):
 garbage-first heap   total 444416K, used 127198K [0x0000000080000000, 0x0000000100000000)
  region size 1024K, 10 young (10240K), 2 survivors (2048K)
 Metaspace       used 147059K, committed 148800K, reserved 1179648K
  class space    used 19203K, committed 20032K, reserved 1048576K
}
Event: 7133.153 GC heap after
{Heap after GC invocations=126 (full 0):
 garbage-first heap   total 444416K, used 119901K [0x0000000080000000, 0x0000000100000000)
  region size 1024K, 2 young (2048K), 2 survivors (2048K)
 Metaspace       used 147059K, committed 148800K, reserved 1179648K
  class space    used 19203K, committed 20032K, reserved 1048576K
}
Event: 7560.686 GC heap before
{Heap before GC invocations=127 (full 0):
 garbage-first heap   total 444416K, used 371805K [0x0000000080000000, 0x0000000100000000)
  region size 1024K, 227 young (232448K), 2 survivors (2048K)
 Metaspace       used 147191K, committed 148928K, reserved 1179648K
  class space    used 19206K, committed 20032K, reserved 1048576K
}
Event: 7561.325 GC heap after
{Heap after GC invocations=128 (full 0):
 garbage-first heap   total 444416K, used 127336K [0x0000000080000000, 0x0000000100000000)
  region size 1024K, 9 young (9216K), 9 survivors (9216K)
 Metaspace       used 147191K, committed 148928K, reserved 1179648K
  class space    used 19206K, committed 20032K, reserved 1048576K
}
Event: 7561.536 GC heap before
{Heap before GC invocations=128 (full 0):
 garbage-first heap   total 444416K, used 141672K [0x0000000080000000, 0x0000000100000000)
  region size 1024K, 21 young (21504K), 9 survivors (9216K)
 Metaspace       used 147196K, committed 148928K, reserved 1179648K
  class space    used 19206K, committed 20032K, reserved 1048576K
}
Event: 7561.776 GC heap after
{Heap after GC invocations=129 (full 0):
 garbage-first heap   total 444416K, used 126024K [0x0000000080000000, 0x0000000100000000)
  region size 1024K, 3 young (3072K), 3 survivors (3072K)
 Metaspace       used 147196K, committed 148928K, reserved 1179648K
  class space    used 19206K, committed 20032K, reserved 1048576K
}
Event: 7562.879 GC heap before
{Heap before GC invocations=129 (full 0):
 garbage-first heap   total 444416K, used 144456K [0x0000000080000000, 0x0000000100000000)
  region size 1024K, 21 young (21504K), 3 survivors (3072K)
 Metaspace       used 147207K, committed 148928K, reserved 1179648K
  class space    used 19206K, committed 20032K, reserved 1048576K
}
Event: 7562.994 GC heap after
{Heap after GC invocations=130 (full 0):
 garbage-first heap   total 444416K, used 130048K [0x0000000080000000, 0x0000000100000000)
  region size 1024K, 3 young (3072K), 3 survivors (3072K)
 Metaspace       used 147207K, committed 148928K, reserved 1179648K
  class space    used 19206K, committed 20032K, reserved 1048576K
}
Event: 7564.527 GC heap before
{Heap before GC invocations=130 (full 0):
 garbage-first heap   total 444416K, used 149504K [0x0000000080000000, 0x0000000100000000)
  region size 1024K, 24 young (24576K), 3 survivors (3072K)
 Metaspace       used 147236K, committed 148928K, reserved 1179648K
  class space    used 19209K, committed 20032K, reserved 1048576K
}
Event: 7564.737 GC heap after
{Heap after GC invocations=131 (full 0):
 garbage-first heap   total 444416K, used 131377K [0x0000000080000000, 0x0000000100000000)
  region size 1024K, 5 young (5120K), 5 survivors (5120K)
 Metaspace       used 147236K, committed 148928K, reserved 1179648K
  class space    used 19209K, committed 20032K, reserved 1048576K
}
Event: 7571.179 GC heap before
{Heap before GC invocations=132 (full 0):
 garbage-first heap   total 444416K, used 172337K [0x0000000080000000, 0x0000000100000000)
  region size 1024K, 36 young (36864K), 5 survivors (5120K)
 Metaspace       used 147273K, committed 148992K, reserved 1179648K
  class space    used 19209K, committed 20032K, reserved 1048576K
}
Event: 7571.205 GC heap after
{Heap after GC invocations=133 (full 0):
 garbage-first heap   total 444416K, used 133723K [0x0000000080000000, 0x0000000100000000)
  region size 1024K, 5 young (5120K), 5 survivors (5120K)
 Metaspace       used 147273K, committed 148992K, reserved 1179648K
  class space    used 19209K, committed 20032K, reserved 1048576K
}
Event: 7571.461 GC heap before
{Heap before GC invocations=133 (full 0):
 garbage-first heap   total 444416K, used 149083K [0x0000000080000000, 0x0000000100000000)
  region size 1024K, 21 young (21504K), 5 survivors (5120K)
 Metaspace       used 147278K, committed 148992K, reserved 1179648K
  class space    used 19209K, committed 20032K, reserved 1048576K
}
Event: 7571.516 GC heap after
{Heap after GC invocations=134 (full 0):
 garbage-first heap   total 444416K, used 127855K [0x0000000080000000, 0x0000000100000000)
  region size 1024K, 3 young (3072K), 3 survivors (3072K)
 Metaspace       used 147278K, committed 148992K, reserved 1179648K
  class space    used 19209K, committed 20032K, reserved 1048576K
}
Event: 7589.128 GC heap before
{Heap before GC invocations=134 (full 0):
 garbage-first heap   total 444416K, used 146287K [0x0000000080000000, 0x0000000100000000)
  region size 1024K, 21 young (21504K), 3 survivors (3072K)
 Metaspace       used 147287K, committed 148992K, reserved 1179648K
  class space    used 19210K, committed 20032K, reserved 1048576K
}

