# JRE version: OpenJDK Runtime Environment (17.0.6) (build 17.0.6+0-b2043.56-9586694)
# Java VM: OpenJDK 64-Bit Server VM (17.0.6+0-b2043.56-9586694, mixed mode, tiered, compressed oops, compressed class ptrs, g1 gc, windows-amd64)
GC Precious Log:
 CPUs: 4 total, 4 available
 Memory: 3977M
 Large Page Support: Disabled
 NUMA Support: Disabled
 Compressed Oops: Enabled (32-bit)
 Heap Region Size: 1M
 Heap Min Capacity: 8M
 Heap Initial Capacity: 64M
 Heap Max Capacity: 2G
 Pre-touch: Disabled
 Parallel Workers: 4
 Concurrent Workers: 1
 Concurrent Refinement Workers: 4
 Periodic GC: Disabled
Heap:
 garbage-first heap   total 454656K, used 145798K [0x0000000080000000, 0x0000000100000000)
  region size 1024K, 3 young (3072K), 3 survivors (3072K)
 Metaspace       used 139554K, committed 140800K, reserved 1171456K
  class space    used 18393K, committed 18944K, reserved 1048576K
GC Heap History (20 events):
Event: 688.487 GC heap after
{Heap after GC invocations=54 (full 0):
 garbage-first heap   total 454656K, used 125952K [0x0000000080000000, 0x0000000100000000)
  region size 1024K, 7 young (7168K), 7 survivors (7168K)
 Metaspace       used 130959K, committed 131840K, reserved 1171456K
  class space    used 17509K, committed 17920K, reserved 1048576K
}
Event: 750.821 GC heap before
{Heap before GC invocations=55 (full 0):
 garbage-first heap   total 454656K, used 360448K [0x0000000080000000, 0x0000000100000000)
  region size 1024K, 235 young (240640K), 7 survivors (7168K)
 Metaspace       used 131794K, committed 132736K, reserved 1171456K
  class space    used 17530K, committed 17984K, reserved 1048576K
}
Event: 750.849 GC heap after
{Heap after GC invocations=56 (full 0):
 garbage-first heap   total 454656K, used 139008K [0x0000000080000000, 0x0000000100000000)
  region size 1024K, 18 young (18432K), 18 survivors (18432K)
 Metaspace       used 131794K, committed 132736K, reserved 1171456K
  class space    used 17530K, committed 17984K, reserved 1048576K
}
Event: 750.924 GC heap before
{Heap before GC invocations=56 (full 0):
 garbage-first heap   total 454656K, used 143104K [0x0000000080000000, 0x0000000100000000)
  region size 1024K, 22 young (22528K), 18 survivors (18432K)
 Metaspace       used 131795K, committed 132736K, reserved 1171456K
  class space    used 17530K, committed 17984K, reserved 1048576K
}
Event: 751.026 GC heap after
{Heap after GC invocations=57 (full 0):
 garbage-first heap   total 454656K, used 132780K [0x0000000080000000, 0x0000000100000000)
  region size 1024K, 3 young (3072K), 3 survivors (3072K)
 Metaspace       used 131795K, committed 132736K, reserved 1171456K
  class space    used 17530K, committed 17984K, reserved 1048576K
}
Event: 849.167 GC heap before
{Heap before GC invocations=57 (full 0):
 garbage-first heap   total 454656K, used 375468K [0x0000000080000000, 0x0000000100000000)
  region size 1024K, 237 young (242688K), 3 survivors (3072K)
 Metaspace       used 132905K, committed 134080K, reserved 1171456K
  class space    used 17683K, committed 18240K, reserved 1048576K
}
Event: 849.199 GC heap after
{Heap after GC invocations=58 (full 0):
 garbage-first heap   total 454656K, used 149049K [0x0000000080000000, 0x0000000100000000)
  region size 1024K, 15 young (15360K), 15 survivors (15360K)
 Metaspace       used 132905K, committed 134080K, reserved 1171456K
  class space    used 17683K, committed 18240K, reserved 1048576K
}
Event: 1041.987 GC heap before
{Heap before GC invocations=58 (full 0):
 garbage-first heap   total 454656K, used 215609K [0x0000000080000000, 0x0000000100000000)
  region size 1024K, 82 young (83968K), 15 survivors (15360K)
 Metaspace       used 133040K, committed 134208K, reserved 1171456K
  class space    used 17683K, committed 18240K, reserved 1048576K
}
Event: 1042.337 GC heap after
{Heap after GC invocations=59 (full 0):
 garbage-first heap   total 454656K, used 146092K [0x0000000080000000, 0x0000000100000000)
  region size 1024K, 16 young (16384K), 16 survivors (16384K)
 Metaspace       used 133040K, committed 134208K, reserved 1171456K
  class space    used 17683K, committed 18240K, reserved 1048576K
}
Event: 1686.625 GC heap before
{Heap before GC invocations=60 (full 0):
 garbage-first heap   total 454656K, used 400896K [0x0000000080000000, 0x0000000100000000)
  region size 1024K, 237 young (242688K), 16 survivors (16384K)
 Metaspace       used 137387K, committed 138624K, reserved 1171456K
  class space    used 18154K, committed 18752K, reserved 1048576K
}
Event: 1699.857 GC heap after
{Heap after GC invocations=61 (full 0):
 garbage-first heap   total 454656K, used 144975K [0x0000000080000000, 0x0000000100000000)
  region size 1024K, 14 young (14336K), 14 survivors (14336K)
 Metaspace       used 137387K, committed 138624K, reserved 1171456K
  class space    used 18154K, committed 18752K, reserved 1048576K
}
Event: 1719.646 GC heap before
{Heap before GC invocations=61 (full 0):
 garbage-first heap   total 454656K, used 153167K [0x0000000080000000, 0x0000000100000000)
  region size 1024K, 22 young (22528K), 14 survivors (14336K)
 Metaspace       used 138185K, committed 139456K, reserved 1171456K
  class space    used 18238K, committed 18816K, reserved 1048576K
}
Event: 1720.560 GC heap after
{Heap after GC invocations=62 (full 0):
 garbage-first heap   total 454656K, used 142021K [0x0000000080000000, 0x0000000100000000)
  region size 1024K, 2 young (2048K), 2 survivors (2048K)
 Metaspace       used 138185K, committed 139456K, reserved 1171456K
  class space    used 18238K, committed 18816K, reserved 1048576K
}
Event: 1762.016 GC heap before
{Heap before GC invocations=62 (full 0):
 garbage-first heap   total 454656K, used 161477K [0x0000000080000000, 0x0000000100000000)
  region size 1024K, 22 young (22528K), 2 survivors (2048K)
 Metaspace       used 139147K, committed 140416K, reserved 1171456K
  class space    used 18357K, committed 18944K, reserved 1048576K
}
Event: 1762.384 GC heap after
{Heap after GC invocations=63 (full 0):
 garbage-first heap   total 454656K, used 142868K [0x0000000080000000, 0x0000000100000000)
  region size 1024K, 3 young (3072K), 3 survivors (3072K)
 Metaspace       used 139147K, committed 140416K, reserved 1171456K
  class space    used 18357K, committed 18944K, reserved 1048576K
}
Event: 1764.680 GC heap before
{Heap before GC invocations=63 (full 0):
 garbage-first heap   total 454656K, used 162324K [0x0000000080000000, 0x0000000100000000)
  region size 1024K, 22 young (22528K), 3 survivors (3072K)
 Metaspace       used 139223K, committed 140480K, reserved 1171456K
  class space    used 18362K, committed 18944K, reserved 1048576K
}
Event: 1765.092 GC heap after
{Heap after GC invocations=64 (full 0):
 garbage-first heap   total 454656K, used 145616K [0x0000000080000000, 0x0000000100000000)
  region size 1024K, 3 young (3072K), 3 survivors (3072K)
 Metaspace       used 139223K, committed 140480K, reserved 1171456K
  class space    used 18362K, committed 18944K, reserved 1048576K
}
Event: 1767.945 GC heap before
{Heap before GC invocations=64 (full 0):
 garbage-first heap   total 454656K, used 164048K [0x0000000080000000, 0x0000000100000000)
  region size 1024K, 22 young (22528K), 3 survivors (3072K)
 Metaspace       used 139461K, committed 140736K, reserved 1171456K
  class space    used 18380K, committed 18944K, reserved 1048576K
}
Event: 1768.119 GC heap after
{Heap after GC invocations=65 (full 0):
 garbage-first heap   total 454656K, used 145105K [0x0000000080000000, 0x0000000100000000)
  region size 1024K, 2 young (2048K), 2 survivors (2048K)
 Metaspace       used 139461K, committed 140736K, reserved 1171456K
  class space    used 18380K, committed 18944K, reserved 1048576K
}
Event: 1884.885 GC heap before
{Heap before GC invocations=65 (full 0):
 garbage-first heap   total 454656K, used 175825K [0x0000000080000000, 0x0000000100000000)
  region size 1024K, 22 young (22528K), 2 survivors (2048K)
 Metaspace       used 139554K, committed 140800K, reserved 1171456K
  class space    used 18393K, committed 18944K, reserved 1048576K
}

